f:\gsosgearthdev\qtexplorer\x64\debug\vc140.pdb
f:\gsosgearthdev\qtexplorer\x64\debug\viewerwidget.obj
f:\gsosgearthdev\qtexplorer\x64\debug\qtexplorer.obj
f:\gsosgearthdev\qtexplorer\x64\debug\main.obj
f:\gsosgearthdev\qtexplorer\x64\debug\moc_viewerwidget.obj
f:\gsosgearthdev\qtexplorer\x64\debug\moc_qtexplorer.obj
f:\gsosgearthdev\qtexplorer\x64\debug\qrc_qtexplorer.obj
f:\gsosgearthdev\qtexplorer\generatedfiles\ui_qtexplorer.h
f:\gsosgearthdev\qtexplorer\generatedfiles\qrc_qtexplorer.cpp
f:\gsosgearthdev\qtexplorer\generatedfiles\debug\moc_qtexplorer.cpp
f:\gsosgearthdev\debugx64\qtexplorer.ilk
f:\gsosgearthdev\debugx64\qtexplorer.exe
f:\gsosgearthdev\debugx64\qtexplorer.pdb
f:\gsosgearthdev\qtexplorer\../debugx64\qtexplorer.exe
f:\gsosgearthdev\qtexplorer\x64\debug\qtexplorer.tlog\cl.command.1.tlog
f:\gsosgearthdev\qtexplorer\x64\debug\qtexplorer.tlog\cl.read.1.tlog
f:\gsosgearthdev\qtexplorer\x64\debug\qtexplorer.tlog\cl.write.1.tlog
f:\gsosgearthdev\qtexplorer\x64\debug\qtexplorer.tlog\custombuild.command.1.tlog
f:\gsosgearthdev\qtexplorer\x64\debug\qtexplorer.tlog\custombuild.read.1.tlog
f:\gsosgearthdev\qtexplorer\x64\debug\qtexplorer.tlog\custombuild.write.1.tlog
f:\gsosgearthdev\qtexplorer\x64\debug\qtexplorer.tlog\link.command.1.tlog
f:\gsosgearthdev\qtexplorer\x64\debug\qtexplorer.tlog\link.read.1.tlog
f:\gsosgearthdev\qtexplorer\x64\debug\qtexplorer.tlog\link.write.1.tlog
